<?xml version="1.0" encoding="UTF-8"?>
<robot generator="Robot 6.1.1 (Python 3.10.12 on darwin)" generated="20231031 22:23:32.254" rpa="true" schemaversion="4">
<suite id="s1" name="Tasks" source="/Users/tonigrondahl/Documents/GitHub/Web-store-order-bot/tasks.robot">
<test id="s1-t1" name="Sending email" line="33">
<kw name="Authorize" library="RPA.Email.ImapSmtp" type="SETUP">
<arg>account=%{EMAIL}</arg>
<arg>password=%{PASSWORD}</arg>
<doc>Authorize user to SMTP and IMAP servers.</doc>
<msg timestamp="20231031 22:26:04.634" level="FAIL">TimeoutError: [Errno 60] Operation timed out</msg>
<status status="FAIL" starttime="20231031 22:23:34.468" endtime="20231031 22:26:04.663"/>
</kw>
<status status="FAIL" starttime="20231031 22:23:34.467" endtime="20231031 22:26:04.668">Setup failed:
TimeoutError: [Errno 60] Operation timed out</status>
</test>
<doc>Web store order checkout bot. Places orders at https://www.pizzaspeed.fi</doc>
<status status="FAIL" starttime="20231031 22:23:32.258" endtime="20231031 22:26:04.671"/>
</suite>
<statistics>
<total>
<stat pass="0" fail="1" skip="0">All Tasks</stat>
</total>
<tag>
</tag>
<suite>
<stat pass="0" fail="1" skip="0" id="s1" name="Tasks">Tasks</stat>
</suite>
</statistics>
<errors>
</errors>
</robot>
